<?xml version="1.0" encoding="UTF-8"?>
<testsuite name="studio.aroundhub.userprogram.UserProgramApplicationTests" tests="1" skipped="0" failures="0" errors="0" timestamp="2024-08-01T07:18:56" hostname="JONGGANG" time="1.354">
  <properties/>
  <testcase name="contextLoads()" classname="studio.aroundhub.userprogram.UserProgramApplicationTests" time="1.354"/>
  <system-out><![CDATA[16:18:40.343 [Test worker] INFO org.springframework.test.context.support.AnnotationConfigContextLoaderUtils -- Could not detect default configuration classes for test class [studio.aroundhub.userprogram.UserProgramApplicationTests]: UserProgramApplicationTests does not declare any static, non-private, non-final, nested classes annotated with @Configuration.
16:18:40.648 [Test worker] INFO org.springframework.boot.test.context.SpringBootTestContextBootstrapper -- Found @SpringBootConfiguration studio.aroundhub.UserProgramApplication for test class studio.aroundhub.userprogram.UserProgramApplicationTests

  .   ____          _            __ _ _
 /\\ / ___'_ __ _ _(_)_ __  __ _ \ \ \ \
( ( )\___ | '_ | '_| | '_ \/ _` | \ \ \ \
 \\/  ___)| |_)| | | | | || (_| |  ) ) ) )
  '  |____| .__|_| |_|_| |_\__, | / / / /
 =========|_|==============|___/=/_/_/_/
 :: Spring Boot ::                (v3.1.0)

2024-08-01T16:18:42.002+09:00  INFO 3692 --- [    Test worker] s.a.u.UserProgramApplicationTests        : Starting UserProgramApplicationTests using Java 17.0.11 with PID 3692 (started by s0761 in C:\Users\s0761\workspace\Practice\UserProject\UserProgram)
2024-08-01T16:18:42.005+09:00  INFO 3692 --- [    Test worker] s.a.u.UserProgramApplicationTests        : No active profile set, falling back to 1 default profile: "default"
2024-08-01T16:18:42.086+09:00 DEBUG 3692 --- [    Test worker] o.s.w.c.s.GenericWebApplicationContext   : Refreshing org.springframework.web.context.support.GenericWebApplicationContext@417d6615
2024-08-01T16:18:44.531+09:00  INFO 3692 --- [    Test worker] .s.d.r.c.RepositoryConfigurationDelegate : Multiple Spring Data modules found, entering strict repository configuration mode
2024-08-01T16:18:44.535+09:00  INFO 3692 --- [    Test worker] .s.d.r.c.RepositoryConfigurationDelegate : Bootstrapping Spring Data JDBC repositories in DEFAULT mode.
2024-08-01T16:18:44.616+09:00  INFO 3692 --- [    Test worker] .RepositoryConfigurationExtensionSupport : Spring Data JDBC - Could not safely identify store assignment for repository candidate interface studio.aroundhub.calendar.repository.DayRepository; If you want this repository to be a JDBC repository, consider annotating your entities with one of these annotations: org.springframework.data.relational.core.mapping.Table.
2024-08-01T16:18:44.619+09:00  INFO 3692 --- [    Test worker] .RepositoryConfigurationExtensionSupport : Spring Data JDBC - Could not safely identify store assignment for repository candidate interface studio.aroundhub.calendar.repository.WorkplaceRepository; If you want this repository to be a JDBC repository, consider annotating your entities with one of these annotations: org.springframework.data.relational.core.mapping.Table.
2024-08-01T16:18:44.622+09:00  INFO 3692 --- [    Test worker] .RepositoryConfigurationExtensionSupport : Spring Data JDBC - Could not safely identify store assignment for repository candidate interface studio.aroundhub.member.repository.UserRepository; If you want this repository to be a JDBC repository, consider annotating your entities with one of these annotations: org.springframework.data.relational.core.mapping.Table.
2024-08-01T16:18:44.625+09:00  INFO 3692 --- [    Test worker] .RepositoryConfigurationExtensionSupport : Spring Data JDBC - Could not safely identify store assignment for repository candidate interface studio.aroundhub.member.repository.UserSalaryRepository; If you want this repository to be a JDBC repository, consider annotating your entities with one of these annotations: org.springframework.data.relational.core.mapping.Table.
2024-08-01T16:18:44.627+09:00  INFO 3692 --- [    Test worker] .RepositoryConfigurationExtensionSupport : Spring Data JDBC - Could not safely identify store assignment for repository candidate interface studio.aroundhub.member.repository.UserSessionRepository; If you want this repository to be a JDBC repository, consider annotating your entities with one of these annotations: org.springframework.data.relational.core.mapping.Table.
2024-08-01T16:18:44.630+09:00  INFO 3692 --- [    Test worker] .RepositoryConfigurationExtensionSupport : Spring Data JDBC - Could not safely identify store assignment for repository candidate interface studio.aroundhub.member.repository.VerificationRepository; If you want this repository to be a JDBC repository, consider annotating your entities with one of these annotations: org.springframework.data.relational.core.mapping.Table.
2024-08-01T16:18:44.634+09:00  INFO 3692 --- [    Test worker] .RepositoryConfigurationExtensionSupport : Spring Data JDBC - Could not safely identify store assignment for repository candidate interface studio.aroundhub.pado.repository.ChatCacheRepository; If you want this repository to be a JDBC repository, consider annotating your entities with one of these annotations: org.springframework.data.relational.core.mapping.Table.
2024-08-01T16:18:44.636+09:00  INFO 3692 --- [    Test worker] .s.d.r.c.RepositoryConfigurationDelegate : Finished Spring Data repository scanning in 88 ms. Found 0 JDBC repository interfaces.
2024-08-01T16:18:44.657+09:00  INFO 3692 --- [    Test worker] .s.d.r.c.RepositoryConfigurationDelegate : Multiple Spring Data modules found, entering strict repository configuration mode
2024-08-01T16:18:44.660+09:00  INFO 3692 --- [    Test worker] .s.d.r.c.RepositoryConfigurationDelegate : Bootstrapping Spring Data JPA repositories in DEFAULT mode.
2024-08-01T16:18:45.028+09:00  INFO 3692 --- [    Test worker] .s.d.r.c.RepositoryConfigurationDelegate : Finished Spring Data repository scanning in 356 ms. Found 7 JPA repository interfaces.
2024-08-01T16:18:46.367+09:00  INFO 3692 --- [    Test worker] o.hibernate.jpa.internal.util.LogHelper  : HHH000204: Processing PersistenceUnitInfo [name: default]
2024-08-01T16:18:46.603+09:00  INFO 3692 --- [    Test worker] org.hibernate.Version                    : HHH000412: Hibernate ORM core version 6.2.2.Final
2024-08-01T16:18:46.609+09:00  INFO 3692 --- [    Test worker] org.hibernate.cfg.Environment            : HHH000406: Using bytecode reflection optimizer
2024-08-01T16:18:47.143+09:00  INFO 3692 --- [    Test worker] o.h.b.i.BytecodeProviderInitiator        : HHH000021: Bytecode provider name : bytebuddy
2024-08-01T16:18:47.579+09:00  INFO 3692 --- [    Test worker] o.s.o.j.p.SpringPersistenceUnitInfo      : No LoadTimeWeaver setup: ignoring JPA class transformer
2024-08-01T16:18:47.624+09:00  INFO 3692 --- [    Test worker] com.zaxxer.hikari.HikariDataSource       : HikariPool-1 - Starting...
2024-08-01T16:18:48.332+09:00  INFO 3692 --- [    Test worker] com.zaxxer.hikari.pool.HikariPool        : HikariPool-1 - Added connection com.mysql.cj.jdbc.ConnectionImpl@4bca8eaf
2024-08-01T16:18:48.338+09:00  INFO 3692 --- [    Test worker] com.zaxxer.hikari.HikariDataSource       : HikariPool-1 - Start completed.
2024-08-01T16:18:48.443+09:00  INFO 3692 --- [    Test worker] org.hibernate.orm.dialect                : HHH035001: Using dialect: org.hibernate.dialect.MySQLDialect, version: 8.4
2024-08-01T16:18:49.126+09:00  INFO 3692 --- [    Test worker] o.h.b.i.BytecodeProviderInitiator        : HHH000021: Bytecode provider name : bytebuddy
2024-08-01T16:18:50.535+09:00  INFO 3692 --- [    Test worker] o.h.e.t.j.p.i.JtaPlatformInitiator       : HHH000490: Using JtaPlatform implementation: [org.hibernate.engine.transaction.jta.platform.internal.NoJtaPlatform]
Hibernate: alter table chat_cache modify column created_at  datetime(6) not null
Hibernate: alter table user_salary modify column month  enum ('APRIL','AUGUST','DECEMBER','FEBRUARY','JANUARY','JULY','JUNE','MARCH','MAY','NOVEMBER','OCTOBER','SEPTEMBER')
Hibernate: alter table verification modify column created_at  datetime(6) not null
Hibernate: alter table workplace modify column final_time  datetime(6) not null
Hibernate: alter table workplace modify column start_time  datetime(6) not null
Hibernate: alter table workplace modify column today_pay  float(53)
Hibernate: alter table workplace modify column wage  float(53) not null
2024-08-01T16:18:50.804+09:00  INFO 3692 --- [    Test worker] j.LocalContainerEntityManagerFactoryBean : Initialized JPA EntityManagerFactory for persistence unit 'default'
2024-08-01T16:18:52.773+09:00  INFO 3692 --- [    Test worker] o.s.d.j.r.query.QueryEnhancerFactory     : Hibernate is in classpath; If applicable, HQL parser will be used.
2024-08-01T16:18:53.789+09:00  WARN 3692 --- [    Test worker] JpaBaseConfiguration$JpaWebConfiguration : spring.jpa.open-in-view is enabled by default. Therefore, database queries may be performed during view rendering. Explicitly configure spring.jpa.open-in-view to disable this warning
2024-08-01T16:18:53.890+09:00  WARN 3692 --- [    Test worker] .s.s.UserDetailsServiceAutoConfiguration : 

Using generated security password: a25a90c7-4eea-49ea-b530-8de6966c8946

This generated password is for development use only. Your security configuration must be updated before running your application in production.

2024-08-01T16:18:54.268+09:00 DEBUG 3692 --- [    Test worker] s.w.s.m.m.a.RequestMappingHandlerMapping : 27 mappings in 'requestMappingHandlerMapping'
2024-08-01T16:18:54.551+09:00 DEBUG 3692 --- [    Test worker] o.s.w.s.handler.SimpleUrlHandlerMapping  : Patterns [/webjars/**, /**] in 'resourceHandlerMapping'
2024-08-01T16:18:54.800+09:00  INFO 3692 --- [    Test worker] o.s.b.a.e.web.EndpointLinksResolver      : Exposing 1 endpoint(s) beneath base path '/actuator'
2024-08-01T16:18:55.089+09:00  INFO 3692 --- [    Test worker] o.s.s.web.DefaultSecurityFilterChain     : Will secure any request with [org.springframework.security.web.session.DisableEncodeUrlFilter@59b7cbec, org.springframework.security.web.context.request.async.WebAsyncManagerIntegrationFilter@f9402c2, org.springframework.security.web.context.SecurityContextHolderFilter@6c40ae2d, org.springframework.security.web.header.HeaderWriterFilter@6f21c18f, org.springframework.web.filter.CorsFilter@9dc9212, org.springframework.security.web.authentication.logout.LogoutFilter@48515dfc, org.springframework.security.web.savedrequest.RequestCacheAwareFilter@283c6f00, org.springframework.security.web.servletapi.SecurityContextHolderAwareRequestFilter@61b06782, org.springframework.security.web.authentication.AnonymousAuthenticationFilter@5b9815b6, org.springframework.security.web.access.ExceptionTranslationFilter@397ba74b, org.springframework.security.web.access.intercept.FilterSecurityInterceptor@70f446c]
2024-08-01T16:18:55.405+09:00 DEBUG 3692 --- [    Test worker] s.w.s.m.m.a.RequestMappingHandlerAdapter : ControllerAdvice beans: 0 @ModelAttribute, 0 @InitBinder, 1 RequestBodyAdvice, 1 ResponseBodyAdvice
2024-08-01T16:18:55.496+09:00 DEBUG 3692 --- [    Test worker] .m.m.a.ExceptionHandlerExceptionResolver : ControllerAdvice beans: 0 @ExceptionHandler, 1 ResponseBodyAdvice
2024-08-01T16:18:56.384+09:00  INFO 3692 --- [    Test worker] s.a.u.UserProgramApplicationTests        : Started UserProgramApplicationTests in 15.114 seconds (process running for 18.232)
]]></system-out>
  <system-err><![CDATA[]]></system-err>
</testsuite>
